  ai_main.c
g:\vm\sharedfolder\jediacademy-master\codemp\game\teams.h(13): warning C4091: 'typedef ': ignored on left of '' when no variable is declared
g:\vm\sharedfolder\jediacademy-master\codemp\game\q_shared.h(587): warning C4091: 'typedef ': ignored on left of '' when no variable is declared
g:\vm\sharedfolder\jediacademy-master\codemp\game\q_shared.h(612): warning C4091: 'typedef ': ignored on left of '' when no variable is declared
g:\vm\sharedfolder\jediacademy-master\codemp\game\q_shared.h(850): warning C4091: 'typedef ': ignored on left of '' when no variable is declared
g:\vm\sharedfolder\jediacademy-master\codemp\game\q_shared.h(989): warning C4091: 'typedef ': ignored on left of '' when no variable is declared
g:\vm\sharedfolder\jediacademy-master\codemp\game\q_shared.h(1960): warning C4091: 'typedef ': ignored on left of '' when no variable is declared
g:\vm\sharedfolder\jediacademy-master\codemp\game\q_shared.h(3040): warning C4091: 'typedef ': ignored on left of '' when no variable is declared
g:\vm\sharedfolder\jediacademy-master\codemp\game\q_shared.h(3049): warning C4091: 'typedef ': ignored on left of '_flag_status' when no variable is declared
g:\vm\sharedfolder\jediacademy-master\codemp\game\q_shared.h(3095): warning C4091: 'typedef ': ignored on left of 'Eorientations' when no variable is declared
g:\vm\sharedfolder\jediacademy-master\codemp\game\q_shared.h(3106): warning C4091: 'typedef ': ignored on left of '' when no variable is declared
g:\vm\sharedfolder\jediacademy-master\codemp\game\bg_weapons.h(39): warning C4091: 'typedef ': ignored on left of '' when no variable is declared
g:\vm\sharedfolder\jediacademy-master\codemp\game\bg_vehicles.h(414): warning C4091: 'typedef ': ignored on left of '' when no variable is declared
g:\vm\sharedfolder\jediacademy-master\codemp\game\bg_public.h(198): warning C4091: 'typedef ': ignored on left of '' when no variable is declared
g:\vm\sharedfolder\jediacademy-master\codemp\game\bg_public.h(218): warning C4091: 'typedef ': ignored on left of '' when no variable is declared
g:\vm\sharedfolder\jediacademy-master\codemp\game\bg_public.h(226): warning C4091: 'typedef ': ignored on left of '' when no variable is declared
g:\vm\sharedfolder\jediacademy-master\codemp\game\bg_public.h(393): warning C4091: 'typedef ': ignored on left of '' when no variable is declared
g:\vm\sharedfolder\jediacademy-master\codemp\game\bg_public.h(683): warning C4091: 'typedef ': ignored on left of '' when no variable is declared
g:\vm\sharedfolder\jediacademy-master\codemp\game\bg_public.h(703): warning C4091: 'typedef ': ignored on left of '' when no variable is declared
g:\vm\sharedfolder\jediacademy-master\codemp\game\bg_public.h(1016): warning C4091: 'typedef ': ignored on left of '' when no variable is declared
g:\vm\sharedfolder\jediacademy-master\codemp\game\bg_public.h(1117): warning C4091: 'typedef ': ignored on left of '' when no variable is declared
g:\vm\sharedfolder\jediacademy-master\codemp\game\bg_public.h(1481): warning C4091: 'typedef ': ignored on left of '' when no variable is declared
g:\vm\sharedfolder\jediacademy-master\codemp\game\g_local.h(124): warning C4091: 'typedef ': ignored on left of '' when no variable is declared
g:\vm\sharedfolder\jediacademy-master\codemp\game\g_local.h(370): warning C4091: 'typedef ': ignored on left of '' when no variable is declared
g:\vm\sharedfolder\jediacademy-master\codemp\game\w_saber.h(42): warning C4091: 'typedef ': ignored on left of '' when no variable is declared
  g_combat.c
g:\vm\sharedfolder\jediacademy-master\codemp\game\teams.h(13): warning C4091: 'typedef ': ignored on left of '' when no variable is declared
g:\vm\sharedfolder\jediacademy-master\codemp\game\q_shared.h(587): warning C4091: 'typedef ': ignored on left of '' when no variable is declared
g:\vm\sharedfolder\jediacademy-master\codemp\game\q_shared.h(612): warning C4091: 'typedef ': ignored on left of '' when no variable is declared
g:\vm\sharedfolder\jediacademy-master\codemp\game\q_shared.h(850): warning C4091: 'typedef ': ignored on left of '' when no variable is declared
g:\vm\sharedfolder\jediacademy-master\codemp\game\q_shared.h(989): warning C4091: 'typedef ': ignored on left of '' when no variable is declared
g:\vm\sharedfolder\jediacademy-master\codemp\game\q_shared.h(1960): warning C4091: 'typedef ': ignored on left of '' when no variable is declared
g:\vm\sharedfolder\jediacademy-master\codemp\game\q_shared.h(3040): warning C4091: 'typedef ': ignored on left of '' when no variable is declared
g:\vm\sharedfolder\jediacademy-master\codemp\game\q_shared.h(3049): warning C4091: 'typedef ': ignored on left of '_flag_status' when no variable is declared
g:\vm\sharedfolder\jediacademy-master\codemp\game\q_shared.h(3095): warning C4091: 'typedef ': ignored on left of 'Eorientations' when no variable is declared
g:\vm\sharedfolder\jediacademy-master\codemp\game\q_shared.h(3106): warning C4091: 'typedef ': ignored on left of '' when no variable is declared
g:\vm\sharedfolder\jediacademy-master\codemp\game\bg_weapons.h(39): warning C4091: 'typedef ': ignored on left of '' when no variable is declared
g:\vm\sharedfolder\jediacademy-master\codemp\game\bg_vehicles.h(414): warning C4091: 'typedef ': ignored on left of '' when no variable is declared
g:\vm\sharedfolder\jediacademy-master\codemp\game\bg_public.h(198): warning C4091: 'typedef ': ignored on left of '' when no variable is declared
g:\vm\sharedfolder\jediacademy-master\codemp\game\bg_public.h(218): warning C4091: 'typedef ': ignored on left of '' when no variable is declared
g:\vm\sharedfolder\jediacademy-master\codemp\game\bg_public.h(226): warning C4091: 'typedef ': ignored on left of '' when no variable is declared
g:\vm\sharedfolder\jediacademy-master\codemp\game\bg_public.h(393): warning C4091: 'typedef ': ignored on left of '' when no variable is declared
g:\vm\sharedfolder\jediacademy-master\codemp\game\bg_public.h(683): warning C4091: 'typedef ': ignored on left of '' when no variable is declared
g:\vm\sharedfolder\jediacademy-master\codemp\game\bg_public.h(703): warning C4091: 'typedef ': ignored on left of '' when no variable is declared
g:\vm\sharedfolder\jediacademy-master\codemp\game\bg_public.h(1016): warning C4091: 'typedef ': ignored on left of '' when no variable is declared
g:\vm\sharedfolder\jediacademy-master\codemp\game\bg_public.h(1117): warning C4091: 'typedef ': ignored on left of '' when no variable is declared
g:\vm\sharedfolder\jediacademy-master\codemp\game\bg_public.h(1481): warning C4091: 'typedef ': ignored on left of '' when no variable is declared
g:\vm\sharedfolder\jediacademy-master\codemp\game\g_local.h(124): warning C4091: 'typedef ': ignored on left of '' when no variable is declared
g:\vm\sharedfolder\jediacademy-master\codemp\game\g_local.h(370): warning C4091: 'typedef ': ignored on left of '' when no variable is declared
  g_team.c
g:\vm\sharedfolder\jediacademy-master\codemp\game\teams.h(13): warning C4091: 'typedef ': ignored on left of '' when no variable is declared
g:\vm\sharedfolder\jediacademy-master\codemp\game\q_shared.h(587): warning C4091: 'typedef ': ignored on left of '' when no variable is declared
g:\vm\sharedfolder\jediacademy-master\codemp\game\q_shared.h(612): warning C4091: 'typedef ': ignored on left of '' when no variable is declared
g:\vm\sharedfolder\jediacademy-master\codemp\game\q_shared.h(850): warning C4091: 'typedef ': ignored on left of '' when no variable is declared
g:\vm\sharedfolder\jediacademy-master\codemp\game\q_shared.h(989): warning C4091: 'typedef ': ignored on left of '' when no variable is declared
g:\vm\sharedfolder\jediacademy-master\codemp\game\q_shared.h(1960): warning C4091: 'typedef ': ignored on left of '' when no variable is declared
g:\vm\sharedfolder\jediacademy-master\codemp\game\q_shared.h(3040): warning C4091: 'typedef ': ignored on left of '' when no variable is declared
g:\vm\sharedfolder\jediacademy-master\codemp\game\q_shared.h(3049): warning C4091: 'typedef ': ignored on left of '_flag_status' when no variable is declared
g:\vm\sharedfolder\jediacademy-master\codemp\game\q_shared.h(3095): warning C4091: 'typedef ': ignored on left of 'Eorientations' when no variable is declared
g:\vm\sharedfolder\jediacademy-master\codemp\game\q_shared.h(3106): warning C4091: 'typedef ': ignored on left of '' when no variable is declared
g:\vm\sharedfolder\jediacademy-master\codemp\game\bg_weapons.h(39): warning C4091: 'typedef ': ignored on left of '' when no variable is declared
g:\vm\sharedfolder\jediacademy-master\codemp\game\bg_vehicles.h(414): warning C4091: 'typedef ': ignored on left of '' when no variable is declared
g:\vm\sharedfolder\jediacademy-master\codemp\game\bg_public.h(198): warning C4091: 'typedef ': ignored on left of '' when no variable is declared
g:\vm\sharedfolder\jediacademy-master\codemp\game\bg_public.h(218): warning C4091: 'typedef ': ignored on left of '' when no variable is declared
g:\vm\sharedfolder\jediacademy-master\codemp\game\bg_public.h(226): warning C4091: 'typedef ': ignored on left of '' when no variable is declared
g:\vm\sharedfolder\jediacademy-master\codemp\game\bg_public.h(393): warning C4091: 'typedef ': ignored on left of '' when no variable is declared
g:\vm\sharedfolder\jediacademy-master\codemp\game\bg_public.h(683): warning C4091: 'typedef ': ignored on left of '' when no variable is declared
g:\vm\sharedfolder\jediacademy-master\codemp\game\bg_public.h(703): warning C4091: 'typedef ': ignored on left of '' when no variable is declared
g:\vm\sharedfolder\jediacademy-master\codemp\game\bg_public.h(1016): warning C4091: 'typedef ': ignored on left of '' when no variable is declared
g:\vm\sharedfolder\jediacademy-master\codemp\game\bg_public.h(1117): warning C4091: 'typedef ': ignored on left of '' when no variable is declared
g:\vm\sharedfolder\jediacademy-master\codemp\game\bg_public.h(1481): warning C4091: 'typedef ': ignored on left of '' when no variable is declared
g:\vm\sharedfolder\jediacademy-master\codemp\game\g_local.h(124): warning C4091: 'typedef ': ignored on left of '' when no variable is declared
g:\vm\sharedfolder\jediacademy-master\codemp\game\g_local.h(370): warning C4091: 'typedef ': ignored on left of '' when no variable is declared
g:\vm\sharedfolder\jediacademy-master\codemp\game\g_team.c(1152): warning C4996: 'strcpy': This function or variable may be unsafe. Consider using strcpy_s instead. To disable deprecation, use _CRT_SECURE_NO_WARNINGS. See online help for details.
  c:\program files (x86)\windows kits\10\include\10.0.10240.0\ucrt\string.h(119): note: see declaration of 'strcpy'
  NPC_AI_Mark2.c
g:\vm\sharedfolder\jediacademy-master\codemp\game\teams.h(13): warning C4091: 'typedef ': ignored on left of '' when no variable is declared
g:\vm\sharedfolder\jediacademy-master\codemp\game\q_shared.h(587): warning C4091: 'typedef ': ignored on left of '' when no variable is declared
g:\vm\sharedfolder\jediacademy-master\codemp\game\q_shared.h(612): warning C4091: 'typedef ': ignored on left of '' when no variable is declared
g:\vm\sharedfolder\jediacademy-master\codemp\game\q_shared.h(850): warning C4091: 'typedef ': ignored on left of '' when no variable is declared
g:\vm\sharedfolder\jediacademy-master\codemp\game\q_shared.h(989): warning C4091: 'typedef ': ignored on left of '' when no variable is declared
g:\vm\sharedfolder\jediacademy-master\codemp\game\q_shared.h(1960): warning C4091: 'typedef ': ignored on left of '' when no variable is declared
g:\vm\sharedfolder\jediacademy-master\codemp\game\q_shared.h(3040): warning C4091: 'typedef ': ignored on left of '' when no variable is declared
g:\vm\sharedfolder\jediacademy-master\codemp\game\q_shared.h(3049): warning C4091: 'typedef ': ignored on left of '_flag_status' when no variable is declared
g:\vm\sharedfolder\jediacademy-master\codemp\game\q_shared.h(3095): warning C4091: 'typedef ': ignored on left of 'Eorientations' when no variable is declared
g:\vm\sharedfolder\jediacademy-master\codemp\game\q_shared.h(3106): warning C4091: 'typedef ': ignored on left of '' when no variable is declared
g:\vm\sharedfolder\jediacademy-master\codemp\game\bg_weapons.h(39): warning C4091: 'typedef ': ignored on left of '' when no variable is declared
g:\vm\sharedfolder\jediacademy-master\codemp\game\bg_vehicles.h(414): warning C4091: 'typedef ': ignored on left of '' when no variable is declared
g:\vm\sharedfolder\jediacademy-master\codemp\game\bg_public.h(198): warning C4091: 'typedef ': ignored on left of '' when no variable is declared
g:\vm\sharedfolder\jediacademy-master\codemp\game\bg_public.h(218): warning C4091: 'typedef ': ignored on left of '' when no variable is declared
g:\vm\sharedfolder\jediacademy-master\codemp\game\bg_public.h(226): warning C4091: 'typedef ': ignored on left of '' when no variable is declared
g:\vm\sharedfolder\jediacademy-master\codemp\game\bg_public.h(393): warning C4091: 'typedef ': ignored on left of '' when no variable is declared
g:\vm\sharedfolder\jediacademy-master\codemp\game\bg_public.h(683): warning C4091: 'typedef ': ignored on left of '' when no variable is declared
g:\vm\sharedfolder\jediacademy-master\codemp\game\bg_public.h(703): warning C4091: 'typedef ': ignored on left of '' when no variable is declared
g:\vm\sharedfolder\jediacademy-master\codemp\game\bg_public.h(1016): warning C4091: 'typedef ': ignored on left of '' when no variable is declared
g:\vm\sharedfolder\jediacademy-master\codemp\game\bg_public.h(1117): warning C4091: 'typedef ': ignored on left of '' when no variable is declared
g:\vm\sharedfolder\jediacademy-master\codemp\game\bg_public.h(1481): warning C4091: 'typedef ': ignored on left of '' when no variable is declared
g:\vm\sharedfolder\jediacademy-master\codemp\game\g_local.h(124): warning C4091: 'typedef ': ignored on left of '' when no variable is declared
g:\vm\sharedfolder\jediacademy-master\codemp\game\g_local.h(370): warning C4091: 'typedef ': ignored on left of '' when no variable is declared
  q_math.c
c1 : fatal error C1083: Cannot open source file: 'q_math.c': No such file or directory
  Generating Code...
